<?xml version="1.0" encoding="utf-8"?><testsuites><testsuite name="pytest" errors="0" failures="0" skipped="0" tests="53" time="11.334" timestamp="2025-06-30T13:07:44.335504" hostname="Jaceks-Mac-mini.local"><testcase classname="tests.test_integration.test_analysis_pipeline.TestAnalysisPipeline" name="test_full_analysis_workflow" time="0.533" /><testcase classname="tests.test_integration.test_analysis_pipeline.TestAnalysisPipeline" name="test_batch_processing_simulation" time="0.350" /><testcase classname="tests.test_integration.test_analysis_pipeline.TestAnalysisPipeline" name="test_error_recovery_in_pipeline" time="0.465" /><testcase classname="tests.test_integration.test_analysis_pipeline.TestAnalysisPipeline" name="test_performance_benchmarking" time="0.403" /><testcase classname="tests.test_integration.test_analysis_pipeline.TestAnalysisPipeline" name="test_data_flow_consistency" time="0.352" /><testcase classname="tests.test_nlp.test_policy_classifier.TestPolicyClassifier" name="test_initialization" time="0.003" /><testcase classname="tests.test_nlp.test_policy_classifier.TestPolicyClassifier" name="test_classify_restrictive_policy" time="0.003" /><testcase classname="tests.test_nlp.test_policy_classifier.TestPolicyClassifier" name="test_classify_moderate_policy" time="0.003" /><testcase classname="tests.test_nlp.test_policy_classifier.TestPolicyClassifier" name="test_classify_permissive_policy" time="0.003" /><testcase classname="tests.test_nlp.test_policy_classifier.TestPolicyClassifier" name="test_classify_ambiguous_policy" time="0.003" /><testcase classname="tests.test_nlp.test_policy_classifier.TestPolicyClassifier" name="test_classify_empty_text" time="0.003" /><testcase classname="tests.test_nlp.test_policy_classifier.TestPolicyClassifier" name="test_classification_consistency" time="0.004" /><testcase classname="tests.test_nlp.test_policy_classifier.TestPolicyClassifier" name="test_classification_with_mixed_signals" time="0.003" /><testcase classname="tests.test_nlp.test_policy_classifier.TestPolicyClassifier" name="test_get_classification_details" time="0.006" /><testcase classname="tests.test_nlp.test_policy_classifier.TestPolicyClassifier" name="test_classification_with_domain_specific_language" time="0.003" /><testcase classname="tests.test_nlp.test_policy_classifier.TestPolicyClassifier" name="test_classification_performance" time="0.006" /><testcase classname="tests.test_nlp.test_policy_classifier.TestPolicyClassifier" name="test_classification_with_numerical_data" time="0.003" /><testcase classname="tests.test_nlp.test_policy_classifier.TestPolicyClassifier" name="test_classification_with_legal_language" time="0.003" /><testcase classname="tests.test_nlp.test_policy_classifier.TestPolicyClassifier" name="test_confidence_score_reliability" time="0.003" /><testcase classname="tests.test_nlp.test_policy_classifier.TestPolicyClassifier" name="test_method_attribution" time="0.003" /><testcase classname="tests.test_nlp.test_text_processor.TestTextProcessor" name="test_initialization" time="0.000" /><testcase classname="tests.test_nlp.test_text_processor.TestTextProcessor" name="test_extract_text_from_txt_file" time="0.002" /><testcase classname="tests.test_nlp.test_text_processor.TestTextProcessor" name="test_extract_text_from_nonexistent_file" time="0.000" /><testcase classname="tests.test_nlp.test_text_processor.TestTextProcessor" name="test_extract_text_from_pdf_file" time="0.001" /><testcase classname="tests.test_nlp.test_text_processor.TestTextProcessor" name="test_extract_text_from_unsupported_format" time="0.001" /><testcase classname="tests.test_nlp.test_text_processor.TestTextProcessor" name="test_clean_text_basic_functionality" time="0.001" /><testcase classname="tests.test_nlp.test_text_processor.TestTextProcessor" name="test_clean_text_removes_extra_whitespace" time="0.000" /><testcase classname="tests.test_nlp.test_text_processor.TestTextProcessor" name="test_clean_text_handles_special_characters" time="0.000" /><testcase classname="tests.test_nlp.test_text_processor.TestTextProcessor" name="test_clean_text_empty_input" time="0.000" /><testcase classname="tests.test_nlp.test_text_processor.TestTextProcessor" name="test_get_text_statistics_comprehensive" time="0.000" /><testcase classname="tests.test_nlp.test_text_processor.TestTextProcessor" name="test_get_text_statistics_edge_cases" time="0.000" /><testcase classname="tests.test_nlp.test_text_processor.TestTextProcessor" name="test_get_text_statistics_consistency" time="0.000" /><testcase classname="tests.test_nlp.test_text_processor.TestTextProcessor" name="test_extract_and_clean_workflow" time="0.002" /><testcase classname="tests.test_nlp.test_text_processor.TestTextProcessor" name="test_large_text_handling" time="0.004" /><testcase classname="tests.test_nlp.test_text_processor.TestTextProcessor" name="test_multilingual_content_handling" time="0.000" /><testcase classname="tests.test_nlp.test_text_processor.TestTextProcessor" name="test_text_processor_error_handling" time="0.000" /><testcase classname="tests.test_nlp.test_text_processor.TestTextProcessor" name="test_different_file_encodings" time="0.002" /><testcase classname="tests.test_nlp.test_text_processor.TestTextProcessor" name="test_performance_with_realistic_document_size" time="0.009" /><testcase classname="tests.test_recommendation.test_engine.TestEthicalFrameworkAnalyzer" name="test_analyze_coverage_realistic_scoring" time="0.001" /><testcase classname="tests.test_recommendation.test_engine.TestEthicalFrameworkAnalyzer" name="test_weighted_keyword_matching" time="0.000" /><testcase classname="tests.test_recommendation.test_engine.TestEthicalFrameworkAnalyzer" name="test_phrase_detection" time="0.000" /><testcase classname="tests.test_recommendation.test_engine.TestEthicalFrameworkAnalyzer" name="test_detect_existing_policies" time="0.004" /><testcase classname="tests.test_recommendation.test_engine.TestEthicalFrameworkAnalyzer" name="test_identify_gaps_with_proper_fields" time="0.000" /><testcase classname="tests.test_recommendation.test_engine.TestEthicalFrameworkAnalyzer" name="test_coverage_for_different_policy_types" time="0.000" /><testcase classname="tests.test_recommendation.test_engine.TestRecommendationGenerator" name="test_generate_recommendations_with_context" time="0.003" /><testcase classname="tests.test_recommendation.test_engine.TestRecommendationGenerator" name="test_institution_context_detection" time="0.001" /><testcase classname="tests.test_recommendation.test_engine.TestRecommendationGenerator" name="test_existing_policy_detection_for_recommendations" time="0.001" /><testcase classname="tests.test_recommendation.test_engine.TestRecommendationGenerator" name="test_template_matching_logic" time="0.000" /><testcase classname="tests.test_recommendation.test_engine.TestRecommendationEngine" name="test_full_recommendation_generation_workflow" time="0.001" /><testcase classname="tests.test_recommendation.test_engine.TestRecommendationEngine" name="test_enhanced_scoring_validation" time="0.001" /><testcase classname="tests.test_recommendation.test_engine.TestRecommendationEngine" name="test_fallback_behavior" time="0.001" /><testcase classname="tests.test_recommendation.test_engine.TestRecommendationEngine" name="test_recommendation_deduplication" time="0.001" /><testcase classname="tests.test_recommendation.test_engine.TestRecommendationEngine" name="test_academic_source_attribution" time="0.001" /></testsuite></testsuites>